F:\EDU\JAAR 5\SEM 1\ALGO 2\ALGORITMEN2\LABO08\DEBUG\LABO08.PCH
F:\EDU\JAAR 5\SEM 1\ALGO 2\ALGORITMEN2\LABO08\DEBUG\STDAFX.OBJ
F:\EDU\JAAR 5\SEM 1\ALGO 2\ALGORITMEN2\LABO08\DEBUG\VC110.PDB
F:\EDU\JAAR 5\SEM 1\ALGO 2\ALGORITMEN2\LABO08\DEBUG\LABO08.OBJ
F:\EDU\JAAR 5\SEM 1\ALGO 2\ALGORITMEN2\DEBUG\LABO08.ILK
F:\EDU\JAAR 5\SEM 1\ALGO 2\ALGORITMEN2\DEBUG\LABO08.EXE
F:\EDU\JAAR 5\SEM 1\ALGO 2\ALGORITMEN2\DEBUG\LABO08.PDB
F:\edu\Jaar 5\sem 1\Algo 2\Algoritmen2\Labo08\Debug\Labo08.obj
F:\edu\Jaar 5\sem 1\Algo 2\Algoritmen2\Labo08\Debug\stdafx.obj
F:\edu\Jaar 5\sem 1\Algo 2\Algoritmen2\Labo08\Debug\cl.command.1.tlog
F:\edu\Jaar 5\sem 1\Algo 2\Algoritmen2\Labo08\Debug\CL.read.1.tlog
F:\edu\Jaar 5\sem 1\Algo 2\Algoritmen2\Labo08\Debug\CL.write.1.tlog
F:\edu\Jaar 5\sem 1\Algo 2\Algoritmen2\Labo08\Debug\link-cvtres.read.1.tlog
F:\edu\Jaar 5\sem 1\Algo 2\Algoritmen2\Labo08\Debug\link-cvtres.write.1.tlog
F:\edu\Jaar 5\sem 1\Algo 2\Algoritmen2\Labo08\Debug\link-rc.read.1.tlog
F:\edu\Jaar 5\sem 1\Algo 2\Algoritmen2\Labo08\Debug\link-rc.write.1.tlog
F:\edu\Jaar 5\sem 1\Algo 2\Algoritmen2\Labo08\Debug\link.command.1.tlog
F:\edu\Jaar 5\sem 1\Algo 2\Algoritmen2\Labo08\Debug\link.read.1.tlog
F:\edu\Jaar 5\sem 1\Algo 2\Algoritmen2\Labo08\Debug\link.write.1.tlog
F:\edu\Jaar 5\sem 1\Algo 2\Algoritmen2\Labo08\Debug\Labo08.pch
F:\edu\Jaar 5\sem 1\Algo 2\Algoritmen2\Labo08\Debug\vc110.idb
F:\edu\Jaar 5\sem 1\Algo 2\Algoritmen2\Labo08\Debug\vc110.pdb
F:\edu\Jaar 5\sem 1\Algo 2\Algoritmen2\Debug\Labo08.pdb
F:\edu\Jaar 5\sem 1\Algo 2\Algoritmen2\Debug\Labo08.exe
F:\edu\Jaar 5\sem 1\Algo 2\Algoritmen2\Debug\Labo08.ilk
