F:\EDU\JAAR 5\SEM 1\ALGO 2\ALGORITMEN2\LABO11\DEBUG\LABO11.PCH
F:\EDU\JAAR 5\SEM 1\ALGO 2\ALGORITMEN2\LABO11\DEBUG\STDAFX.OBJ
F:\EDU\JAAR 5\SEM 1\ALGO 2\ALGORITMEN2\LABO11\DEBUG\VC110.PDB
F:\EDU\JAAR 5\SEM 1\ALGO 2\ALGORITMEN2\LABO11\DEBUG\LABO11.OBJ
F:\EDU\JAAR 5\SEM 1\ALGO 2\ALGORITMEN2\DEBUG\LABO11.ILK
F:\EDU\JAAR 5\SEM 1\ALGO 2\ALGORITMEN2\DEBUG\LABO11.EXE
F:\EDU\JAAR 5\SEM 1\ALGO 2\ALGORITMEN2\DEBUG\LABO11.PDB
F:\edu\Jaar 5\sem 1\Algo 2\Algoritmen2\Labo11\Debug\Labo11.obj
F:\edu\Jaar 5\sem 1\Algo 2\Algoritmen2\Labo11\Debug\stdafx.obj
F:\edu\Jaar 5\sem 1\Algo 2\Algoritmen2\Labo11\Debug\cl.command.1.tlog
F:\edu\Jaar 5\sem 1\Algo 2\Algoritmen2\Labo11\Debug\CL.read.1.tlog
F:\edu\Jaar 5\sem 1\Algo 2\Algoritmen2\Labo11\Debug\CL.write.1.tlog
F:\edu\Jaar 5\sem 1\Algo 2\Algoritmen2\Labo11\Debug\link-cvtres.read.1.tlog
F:\edu\Jaar 5\sem 1\Algo 2\Algoritmen2\Labo11\Debug\link-cvtres.write.1.tlog
F:\edu\Jaar 5\sem 1\Algo 2\Algoritmen2\Labo11\Debug\link-rc.read.1.tlog
F:\edu\Jaar 5\sem 1\Algo 2\Algoritmen2\Labo11\Debug\link-rc.write.1.tlog
F:\edu\Jaar 5\sem 1\Algo 2\Algoritmen2\Labo11\Debug\link.1148-cvtres.read.1.tlog
F:\edu\Jaar 5\sem 1\Algo 2\Algoritmen2\Labo11\Debug\link.1148-cvtres.write.1.tlog
F:\edu\Jaar 5\sem 1\Algo 2\Algoritmen2\Labo11\Debug\link.1148-rc.read.1.tlog
F:\edu\Jaar 5\sem 1\Algo 2\Algoritmen2\Labo11\Debug\link.1148-rc.write.1.tlog
F:\edu\Jaar 5\sem 1\Algo 2\Algoritmen2\Labo11\Debug\link.1148.read.1.tlog
F:\edu\Jaar 5\sem 1\Algo 2\Algoritmen2\Labo11\Debug\link.1148.write.1.tlog
F:\edu\Jaar 5\sem 1\Algo 2\Algoritmen2\Labo11\Debug\link.1724-cvtres.read.1.tlog
F:\edu\Jaar 5\sem 1\Algo 2\Algoritmen2\Labo11\Debug\link.1724-cvtres.write.1.tlog
F:\edu\Jaar 5\sem 1\Algo 2\Algoritmen2\Labo11\Debug\link.1724-rc.read.1.tlog
F:\edu\Jaar 5\sem 1\Algo 2\Algoritmen2\Labo11\Debug\link.1724-rc.write.1.tlog
F:\edu\Jaar 5\sem 1\Algo 2\Algoritmen2\Labo11\Debug\link.1724.read.1.tlog
F:\edu\Jaar 5\sem 1\Algo 2\Algoritmen2\Labo11\Debug\link.1724.write.1.tlog
F:\edu\Jaar 5\sem 1\Algo 2\Algoritmen2\Labo11\Debug\link.220-cvtres.read.1.tlog
F:\edu\Jaar 5\sem 1\Algo 2\Algoritmen2\Labo11\Debug\link.220-cvtres.write.1.tlog
F:\edu\Jaar 5\sem 1\Algo 2\Algoritmen2\Labo11\Debug\link.220-rc.read.1.tlog
F:\edu\Jaar 5\sem 1\Algo 2\Algoritmen2\Labo11\Debug\link.220-rc.write.1.tlog
F:\edu\Jaar 5\sem 1\Algo 2\Algoritmen2\Labo11\Debug\link.220.read.1.tlog
F:\edu\Jaar 5\sem 1\Algo 2\Algoritmen2\Labo11\Debug\link.220.write.1.tlog
F:\edu\Jaar 5\sem 1\Algo 2\Algoritmen2\Labo11\Debug\link.2244-cvtres.read.1.tlog
F:\edu\Jaar 5\sem 1\Algo 2\Algoritmen2\Labo11\Debug\link.2244-cvtres.write.1.tlog
F:\edu\Jaar 5\sem 1\Algo 2\Algoritmen2\Labo11\Debug\link.2244-rc.read.1.tlog
F:\edu\Jaar 5\sem 1\Algo 2\Algoritmen2\Labo11\Debug\link.2244-rc.write.1.tlog
F:\edu\Jaar 5\sem 1\Algo 2\Algoritmen2\Labo11\Debug\link.2244.read.1.tlog
F:\edu\Jaar 5\sem 1\Algo 2\Algoritmen2\Labo11\Debug\link.2244.write.1.tlog
F:\edu\Jaar 5\sem 1\Algo 2\Algoritmen2\Labo11\Debug\link.2524-cvtres.read.1.tlog
F:\edu\Jaar 5\sem 1\Algo 2\Algoritmen2\Labo11\Debug\link.2524-cvtres.write.1.tlog
F:\edu\Jaar 5\sem 1\Algo 2\Algoritmen2\Labo11\Debug\link.2524-rc.read.1.tlog
F:\edu\Jaar 5\sem 1\Algo 2\Algoritmen2\Labo11\Debug\link.2524-rc.write.1.tlog
F:\edu\Jaar 5\sem 1\Algo 2\Algoritmen2\Labo11\Debug\link.2524.read.1.tlog
F:\edu\Jaar 5\sem 1\Algo 2\Algoritmen2\Labo11\Debug\link.2524.write.1.tlog
F:\edu\Jaar 5\sem 1\Algo 2\Algoritmen2\Labo11\Debug\link.2972-cvtres.read.1.tlog
F:\edu\Jaar 5\sem 1\Algo 2\Algoritmen2\Labo11\Debug\link.2972-cvtres.write.1.tlog
F:\edu\Jaar 5\sem 1\Algo 2\Algoritmen2\Labo11\Debug\link.2972-rc.read.1.tlog
F:\edu\Jaar 5\sem 1\Algo 2\Algoritmen2\Labo11\Debug\link.2972-rc.write.1.tlog
F:\edu\Jaar 5\sem 1\Algo 2\Algoritmen2\Labo11\Debug\link.2972.read.1.tlog
F:\edu\Jaar 5\sem 1\Algo 2\Algoritmen2\Labo11\Debug\link.2972.write.1.tlog
F:\edu\Jaar 5\sem 1\Algo 2\Algoritmen2\Labo11\Debug\link.2984-cvtres.read.1.tlog
F:\edu\Jaar 5\sem 1\Algo 2\Algoritmen2\Labo11\Debug\link.2984-cvtres.write.1.tlog
F:\edu\Jaar 5\sem 1\Algo 2\Algoritmen2\Labo11\Debug\link.2984-rc.read.1.tlog
F:\edu\Jaar 5\sem 1\Algo 2\Algoritmen2\Labo11\Debug\link.2984-rc.write.1.tlog
F:\edu\Jaar 5\sem 1\Algo 2\Algoritmen2\Labo11\Debug\link.2984.read.1.tlog
F:\edu\Jaar 5\sem 1\Algo 2\Algoritmen2\Labo11\Debug\link.2984.write.1.tlog
F:\edu\Jaar 5\sem 1\Algo 2\Algoritmen2\Labo11\Debug\link.3164-cvtres.read.1.tlog
F:\edu\Jaar 5\sem 1\Algo 2\Algoritmen2\Labo11\Debug\link.3164-cvtres.write.1.tlog
F:\edu\Jaar 5\sem 1\Algo 2\Algoritmen2\Labo11\Debug\link.3164-rc.read.1.tlog
F:\edu\Jaar 5\sem 1\Algo 2\Algoritmen2\Labo11\Debug\link.3164-rc.write.1.tlog
F:\edu\Jaar 5\sem 1\Algo 2\Algoritmen2\Labo11\Debug\link.3164.read.1.tlog
F:\edu\Jaar 5\sem 1\Algo 2\Algoritmen2\Labo11\Debug\link.3164.write.1.tlog
F:\edu\Jaar 5\sem 1\Algo 2\Algoritmen2\Labo11\Debug\link.3952-cvtres.read.1.tlog
F:\edu\Jaar 5\sem 1\Algo 2\Algoritmen2\Labo11\Debug\link.3952-cvtres.write.1.tlog
F:\edu\Jaar 5\sem 1\Algo 2\Algoritmen2\Labo11\Debug\link.3952-rc.read.1.tlog
F:\edu\Jaar 5\sem 1\Algo 2\Algoritmen2\Labo11\Debug\link.3952-rc.write.1.tlog
F:\edu\Jaar 5\sem 1\Algo 2\Algoritmen2\Labo11\Debug\link.3952.read.1.tlog
F:\edu\Jaar 5\sem 1\Algo 2\Algoritmen2\Labo11\Debug\link.3952.write.1.tlog
F:\edu\Jaar 5\sem 1\Algo 2\Algoritmen2\Labo11\Debug\link.4120-cvtres.read.1.tlog
F:\edu\Jaar 5\sem 1\Algo 2\Algoritmen2\Labo11\Debug\link.4120-cvtres.write.1.tlog
F:\edu\Jaar 5\sem 1\Algo 2\Algoritmen2\Labo11\Debug\link.4120-rc.read.1.tlog
F:\edu\Jaar 5\sem 1\Algo 2\Algoritmen2\Labo11\Debug\link.4120-rc.write.1.tlog
F:\edu\Jaar 5\sem 1\Algo 2\Algoritmen2\Labo11\Debug\link.4120.read.1.tlog
F:\edu\Jaar 5\sem 1\Algo 2\Algoritmen2\Labo11\Debug\link.4120.write.1.tlog
F:\edu\Jaar 5\sem 1\Algo 2\Algoritmen2\Labo11\Debug\link.4152-cvtres.read.1.tlog
F:\edu\Jaar 5\sem 1\Algo 2\Algoritmen2\Labo11\Debug\link.4152-cvtres.write.1.tlog
F:\edu\Jaar 5\sem 1\Algo 2\Algoritmen2\Labo11\Debug\link.4152-rc.read.1.tlog
F:\edu\Jaar 5\sem 1\Algo 2\Algoritmen2\Labo11\Debug\link.4152-rc.write.1.tlog
F:\edu\Jaar 5\sem 1\Algo 2\Algoritmen2\Labo11\Debug\link.4152.read.1.tlog
F:\edu\Jaar 5\sem 1\Algo 2\Algoritmen2\Labo11\Debug\link.4152.write.1.tlog
F:\edu\Jaar 5\sem 1\Algo 2\Algoritmen2\Labo11\Debug\link.4176-cvtres.read.1.tlog
F:\edu\Jaar 5\sem 1\Algo 2\Algoritmen2\Labo11\Debug\link.4176-cvtres.write.1.tlog
F:\edu\Jaar 5\sem 1\Algo 2\Algoritmen2\Labo11\Debug\link.4176-rc.read.1.tlog
F:\edu\Jaar 5\sem 1\Algo 2\Algoritmen2\Labo11\Debug\link.4176-rc.write.1.tlog
F:\edu\Jaar 5\sem 1\Algo 2\Algoritmen2\Labo11\Debug\link.4176.read.1.tlog
F:\edu\Jaar 5\sem 1\Algo 2\Algoritmen2\Labo11\Debug\link.4176.write.1.tlog
F:\edu\Jaar 5\sem 1\Algo 2\Algoritmen2\Labo11\Debug\link.4228-cvtres.read.1.tlog
F:\edu\Jaar 5\sem 1\Algo 2\Algoritmen2\Labo11\Debug\link.4228-cvtres.write.1.tlog
F:\edu\Jaar 5\sem 1\Algo 2\Algoritmen2\Labo11\Debug\link.4228-rc.read.1.tlog
F:\edu\Jaar 5\sem 1\Algo 2\Algoritmen2\Labo11\Debug\link.4228-rc.write.1.tlog
F:\edu\Jaar 5\sem 1\Algo 2\Algoritmen2\Labo11\Debug\link.4228.read.1.tlog
F:\edu\Jaar 5\sem 1\Algo 2\Algoritmen2\Labo11\Debug\link.4228.write.1.tlog
F:\edu\Jaar 5\sem 1\Algo 2\Algoritmen2\Labo11\Debug\link.4528-cvtres.read.1.tlog
F:\edu\Jaar 5\sem 1\Algo 2\Algoritmen2\Labo11\Debug\link.4528-cvtres.write.1.tlog
F:\edu\Jaar 5\sem 1\Algo 2\Algoritmen2\Labo11\Debug\link.4528-rc.read.1.tlog
F:\edu\Jaar 5\sem 1\Algo 2\Algoritmen2\Labo11\Debug\link.4528-rc.write.1.tlog
F:\edu\Jaar 5\sem 1\Algo 2\Algoritmen2\Labo11\Debug\link.4528.read.1.tlog
F:\edu\Jaar 5\sem 1\Algo 2\Algoritmen2\Labo11\Debug\link.4528.write.1.tlog
F:\edu\Jaar 5\sem 1\Algo 2\Algoritmen2\Labo11\Debug\link.4532-cvtres.read.1.tlog
F:\edu\Jaar 5\sem 1\Algo 2\Algoritmen2\Labo11\Debug\link.4532-cvtres.write.1.tlog
F:\edu\Jaar 5\sem 1\Algo 2\Algoritmen2\Labo11\Debug\link.4532-rc.read.1.tlog
F:\edu\Jaar 5\sem 1\Algo 2\Algoritmen2\Labo11\Debug\link.4532-rc.write.1.tlog
F:\edu\Jaar 5\sem 1\Algo 2\Algoritmen2\Labo11\Debug\link.4532.read.1.tlog
F:\edu\Jaar 5\sem 1\Algo 2\Algoritmen2\Labo11\Debug\link.4532.write.1.tlog
F:\edu\Jaar 5\sem 1\Algo 2\Algoritmen2\Labo11\Debug\link.4560-cvtres.read.1.tlog
F:\edu\Jaar 5\sem 1\Algo 2\Algoritmen2\Labo11\Debug\link.4560-cvtres.write.1.tlog
F:\edu\Jaar 5\sem 1\Algo 2\Algoritmen2\Labo11\Debug\link.4560-rc.read.1.tlog
F:\edu\Jaar 5\sem 1\Algo 2\Algoritmen2\Labo11\Debug\link.4560-rc.write.1.tlog
F:\edu\Jaar 5\sem 1\Algo 2\Algoritmen2\Labo11\Debug\link.4560.read.1.tlog
F:\edu\Jaar 5\sem 1\Algo 2\Algoritmen2\Labo11\Debug\link.4560.write.1.tlog
F:\edu\Jaar 5\sem 1\Algo 2\Algoritmen2\Labo11\Debug\link.4628-cvtres.read.1.tlog
F:\edu\Jaar 5\sem 1\Algo 2\Algoritmen2\Labo11\Debug\link.4628-cvtres.write.1.tlog
F:\edu\Jaar 5\sem 1\Algo 2\Algoritmen2\Labo11\Debug\link.4628-rc.read.1.tlog
F:\edu\Jaar 5\sem 1\Algo 2\Algoritmen2\Labo11\Debug\link.4628-rc.write.1.tlog
F:\edu\Jaar 5\sem 1\Algo 2\Algoritmen2\Labo11\Debug\link.4628.read.1.tlog
F:\edu\Jaar 5\sem 1\Algo 2\Algoritmen2\Labo11\Debug\link.4628.write.1.tlog
F:\edu\Jaar 5\sem 1\Algo 2\Algoritmen2\Labo11\Debug\link.484-cvtres.read.1.tlog
F:\edu\Jaar 5\sem 1\Algo 2\Algoritmen2\Labo11\Debug\link.484-cvtres.write.1.tlog
F:\edu\Jaar 5\sem 1\Algo 2\Algoritmen2\Labo11\Debug\link.484-rc.read.1.tlog
F:\edu\Jaar 5\sem 1\Algo 2\Algoritmen2\Labo11\Debug\link.484-rc.write.1.tlog
F:\edu\Jaar 5\sem 1\Algo 2\Algoritmen2\Labo11\Debug\link.484.read.1.tlog
F:\edu\Jaar 5\sem 1\Algo 2\Algoritmen2\Labo11\Debug\link.484.write.1.tlog
F:\edu\Jaar 5\sem 1\Algo 2\Algoritmen2\Labo11\Debug\link.5476-cvtres.read.1.tlog
F:\edu\Jaar 5\sem 1\Algo 2\Algoritmen2\Labo11\Debug\link.5476-cvtres.write.1.tlog
F:\edu\Jaar 5\sem 1\Algo 2\Algoritmen2\Labo11\Debug\link.5476-rc.read.1.tlog
F:\edu\Jaar 5\sem 1\Algo 2\Algoritmen2\Labo11\Debug\link.5476-rc.write.1.tlog
F:\edu\Jaar 5\sem 1\Algo 2\Algoritmen2\Labo11\Debug\link.5476.read.1.tlog
F:\edu\Jaar 5\sem 1\Algo 2\Algoritmen2\Labo11\Debug\link.5476.write.1.tlog
F:\edu\Jaar 5\sem 1\Algo 2\Algoritmen2\Labo11\Debug\link.5660-cvtres.read.1.tlog
F:\edu\Jaar 5\sem 1\Algo 2\Algoritmen2\Labo11\Debug\link.5660-cvtres.write.1.tlog
F:\edu\Jaar 5\sem 1\Algo 2\Algoritmen2\Labo11\Debug\link.5660-rc.read.1.tlog
F:\edu\Jaar 5\sem 1\Algo 2\Algoritmen2\Labo11\Debug\link.5660-rc.write.1.tlog
F:\edu\Jaar 5\sem 1\Algo 2\Algoritmen2\Labo11\Debug\link.5660.read.1.tlog
F:\edu\Jaar 5\sem 1\Algo 2\Algoritmen2\Labo11\Debug\link.5660.write.1.tlog
F:\edu\Jaar 5\sem 1\Algo 2\Algoritmen2\Labo11\Debug\link.5768-cvtres.read.1.tlog
F:\edu\Jaar 5\sem 1\Algo 2\Algoritmen2\Labo11\Debug\link.5768-cvtres.write.1.tlog
F:\edu\Jaar 5\sem 1\Algo 2\Algoritmen2\Labo11\Debug\link.5768-rc.read.1.tlog
F:\edu\Jaar 5\sem 1\Algo 2\Algoritmen2\Labo11\Debug\link.5768-rc.write.1.tlog
F:\edu\Jaar 5\sem 1\Algo 2\Algoritmen2\Labo11\Debug\link.5768.read.1.tlog
F:\edu\Jaar 5\sem 1\Algo 2\Algoritmen2\Labo11\Debug\link.5768.write.1.tlog
F:\edu\Jaar 5\sem 1\Algo 2\Algoritmen2\Labo11\Debug\link.5888-cvtres.read.1.tlog
F:\edu\Jaar 5\sem 1\Algo 2\Algoritmen2\Labo11\Debug\link.5888-cvtres.write.1.tlog
F:\edu\Jaar 5\sem 1\Algo 2\Algoritmen2\Labo11\Debug\link.5888-rc.read.1.tlog
F:\edu\Jaar 5\sem 1\Algo 2\Algoritmen2\Labo11\Debug\link.5888-rc.write.1.tlog
F:\edu\Jaar 5\sem 1\Algo 2\Algoritmen2\Labo11\Debug\link.5888.read.1.tlog
F:\edu\Jaar 5\sem 1\Algo 2\Algoritmen2\Labo11\Debug\link.5888.write.1.tlog
F:\edu\Jaar 5\sem 1\Algo 2\Algoritmen2\Labo11\Debug\link.608-cvtres.read.1.tlog
F:\edu\Jaar 5\sem 1\Algo 2\Algoritmen2\Labo11\Debug\link.608-cvtres.write.1.tlog
F:\edu\Jaar 5\sem 1\Algo 2\Algoritmen2\Labo11\Debug\link.608-rc.read.1.tlog
F:\edu\Jaar 5\sem 1\Algo 2\Algoritmen2\Labo11\Debug\link.608-rc.write.1.tlog
F:\edu\Jaar 5\sem 1\Algo 2\Algoritmen2\Labo11\Debug\link.608.read.1.tlog
F:\edu\Jaar 5\sem 1\Algo 2\Algoritmen2\Labo11\Debug\link.608.write.1.tlog
F:\edu\Jaar 5\sem 1\Algo 2\Algoritmen2\Labo11\Debug\link.6100-cvtres.read.1.tlog
F:\edu\Jaar 5\sem 1\Algo 2\Algoritmen2\Labo11\Debug\link.6100-cvtres.write.1.tlog
F:\edu\Jaar 5\sem 1\Algo 2\Algoritmen2\Labo11\Debug\link.6100-rc.read.1.tlog
F:\edu\Jaar 5\sem 1\Algo 2\Algoritmen2\Labo11\Debug\link.6100-rc.write.1.tlog
F:\edu\Jaar 5\sem 1\Algo 2\Algoritmen2\Labo11\Debug\link.6100.read.1.tlog
F:\edu\Jaar 5\sem 1\Algo 2\Algoritmen2\Labo11\Debug\link.6100.write.1.tlog
F:\edu\Jaar 5\sem 1\Algo 2\Algoritmen2\Labo11\Debug\link.936-cvtres.read.1.tlog
F:\edu\Jaar 5\sem 1\Algo 2\Algoritmen2\Labo11\Debug\link.936-cvtres.write.1.tlog
F:\edu\Jaar 5\sem 1\Algo 2\Algoritmen2\Labo11\Debug\link.936-rc.read.1.tlog
F:\edu\Jaar 5\sem 1\Algo 2\Algoritmen2\Labo11\Debug\link.936-rc.write.1.tlog
F:\edu\Jaar 5\sem 1\Algo 2\Algoritmen2\Labo11\Debug\link.936.read.1.tlog
F:\edu\Jaar 5\sem 1\Algo 2\Algoritmen2\Labo11\Debug\link.936.write.1.tlog
F:\edu\Jaar 5\sem 1\Algo 2\Algoritmen2\Labo11\Debug\link.948-cvtres.read.1.tlog
F:\edu\Jaar 5\sem 1\Algo 2\Algoritmen2\Labo11\Debug\link.948-cvtres.write.1.tlog
F:\edu\Jaar 5\sem 1\Algo 2\Algoritmen2\Labo11\Debug\link.948-rc.read.1.tlog
F:\edu\Jaar 5\sem 1\Algo 2\Algoritmen2\Labo11\Debug\link.948-rc.write.1.tlog
F:\edu\Jaar 5\sem 1\Algo 2\Algoritmen2\Labo11\Debug\link.948.read.1.tlog
F:\edu\Jaar 5\sem 1\Algo 2\Algoritmen2\Labo11\Debug\link.948.write.1.tlog
F:\edu\Jaar 5\sem 1\Algo 2\Algoritmen2\Labo11\Debug\link.984-cvtres.read.1.tlog
F:\edu\Jaar 5\sem 1\Algo 2\Algoritmen2\Labo11\Debug\link.984-cvtres.write.1.tlog
F:\edu\Jaar 5\sem 1\Algo 2\Algoritmen2\Labo11\Debug\link.984-rc.read.1.tlog
F:\edu\Jaar 5\sem 1\Algo 2\Algoritmen2\Labo11\Debug\link.984-rc.write.1.tlog
F:\edu\Jaar 5\sem 1\Algo 2\Algoritmen2\Labo11\Debug\link.984.read.1.tlog
F:\edu\Jaar 5\sem 1\Algo 2\Algoritmen2\Labo11\Debug\link.984.write.1.tlog
F:\edu\Jaar 5\sem 1\Algo 2\Algoritmen2\Labo11\Debug\link.command.1.tlog
F:\edu\Jaar 5\sem 1\Algo 2\Algoritmen2\Labo11\Debug\link.read.1.tlog
F:\edu\Jaar 5\sem 1\Algo 2\Algoritmen2\Labo11\Debug\link.write.1.tlog
F:\edu\Jaar 5\sem 1\Algo 2\Algoritmen2\Labo11\Debug\Labo11.pch
F:\edu\Jaar 5\sem 1\Algo 2\Algoritmen2\Labo11\Debug\vc110.idb
F:\edu\Jaar 5\sem 1\Algo 2\Algoritmen2\Labo11\Debug\vc110.pdb
F:\edu\Jaar 5\sem 1\Algo 2\Algoritmen2\Debug\Labo11.pdb
F:\edu\Jaar 5\sem 1\Algo 2\Algoritmen2\Debug\Labo11.exe
F:\edu\Jaar 5\sem 1\Algo 2\Algoritmen2\Debug\Labo11.ilk
