F:\EDU\JAAR 5\SEM 1\ALGO 2\ALGORITMEN2\BOYERMOORE\DEBUG\BOYERMOORE.PCH
F:\EDU\JAAR 5\SEM 1\ALGO 2\ALGORITMEN2\BOYERMOORE\DEBUG\STDAFX.OBJ
F:\EDU\JAAR 5\SEM 1\ALGO 2\ALGORITMEN2\BOYERMOORE\DEBUG\VC110.PDB
F:\EDU\JAAR 5\SEM 1\ALGO 2\ALGORITMEN2\BOYERMOORE\DEBUG\BOYERMOORE.OBJ
F:\EDU\JAAR 5\SEM 1\ALGO 2\ALGORITMEN2\DEBUG\BOYERMOORE.ILK
F:\EDU\JAAR 5\SEM 1\ALGO 2\ALGORITMEN2\DEBUG\BOYERMOORE.EXE
F:\EDU\JAAR 5\SEM 1\ALGO 2\ALGORITMEN2\DEBUG\BOYERMOORE.PDB
F:\edu\Jaar 5\sem 1\Algo 2\Algoritmen2\BoyerMoore\Debug\BoyerMoore.obj
F:\edu\Jaar 5\sem 1\Algo 2\Algoritmen2\BoyerMoore\Debug\stdafx.obj
F:\edu\Jaar 5\sem 1\Algo 2\Algoritmen2\BoyerMoore\Debug\cl.command.1.tlog
F:\edu\Jaar 5\sem 1\Algo 2\Algoritmen2\BoyerMoore\Debug\CL.read.1.tlog
F:\edu\Jaar 5\sem 1\Algo 2\Algoritmen2\BoyerMoore\Debug\CL.write.1.tlog
F:\edu\Jaar 5\sem 1\Algo 2\Algoritmen2\BoyerMoore\Debug\link-cvtres.read.1.tlog
F:\edu\Jaar 5\sem 1\Algo 2\Algoritmen2\BoyerMoore\Debug\link-cvtres.write.1.tlog
F:\edu\Jaar 5\sem 1\Algo 2\Algoritmen2\BoyerMoore\Debug\link-rc.read.1.tlog
F:\edu\Jaar 5\sem 1\Algo 2\Algoritmen2\BoyerMoore\Debug\link-rc.write.1.tlog
F:\edu\Jaar 5\sem 1\Algo 2\Algoritmen2\BoyerMoore\Debug\link.command.1.tlog
F:\edu\Jaar 5\sem 1\Algo 2\Algoritmen2\BoyerMoore\Debug\link.read.1.tlog
F:\edu\Jaar 5\sem 1\Algo 2\Algoritmen2\BoyerMoore\Debug\link.write.1.tlog
F:\edu\Jaar 5\sem 1\Algo 2\Algoritmen2\BoyerMoore\Debug\BoyerMoore.pch
F:\edu\Jaar 5\sem 1\Algo 2\Algoritmen2\BoyerMoore\Debug\vc110.idb
F:\edu\Jaar 5\sem 1\Algo 2\Algoritmen2\BoyerMoore\Debug\vc110.pdb
F:\edu\Jaar 5\sem 1\Algo 2\Algoritmen2\Debug\BoyerMoore.pdb
F:\edu\Jaar 5\sem 1\Algo 2\Algoritmen2\Debug\BoyerMoore.exe
F:\edu\Jaar 5\sem 1\Algo 2\Algoritmen2\Debug\BoyerMoore.ilk
