F:\EDU\JAAR 5\SEM 1\ALGO 2\ALGORITMEN2\REDBLACKTREES\DEBUG\REDBLACKTREES.PCH
F:\EDU\JAAR 5\SEM 1\ALGO 2\ALGORITMEN2\REDBLACKTREES\DEBUG\STDAFX.OBJ
F:\EDU\JAAR 5\SEM 1\ALGO 2\ALGORITMEN2\REDBLACKTREES\DEBUG\VC110.PDB
F:\EDU\JAAR 5\SEM 1\ALGO 2\ALGORITMEN2\REDBLACKTREES\DEBUG\REDBLACKTREES.OBJ
F:\EDU\JAAR 5\SEM 1\ALGO 2\ALGORITMEN2\DEBUG\REDBLACKTREES.ILK
F:\EDU\JAAR 5\SEM 1\ALGO 2\ALGORITMEN2\DEBUG\REDBLACKTREES.EXE
F:\EDU\JAAR 5\SEM 1\ALGO 2\ALGORITMEN2\DEBUG\REDBLACKTREES.PDB
F:\edu\Jaar 5\sem 1\Algo 2\Algoritmen2\RedBlackTrees\Debug\RedBlackTrees.obj
F:\edu\Jaar 5\sem 1\Algo 2\Algoritmen2\RedBlackTrees\Debug\stdafx.obj
F:\edu\Jaar 5\sem 1\Algo 2\Algoritmen2\RedBlackTrees\Debug\cl.command.1.tlog
F:\edu\Jaar 5\sem 1\Algo 2\Algoritmen2\RedBlackTrees\Debug\CL.read.1.tlog
F:\edu\Jaar 5\sem 1\Algo 2\Algoritmen2\RedBlackTrees\Debug\CL.write.1.tlog
F:\edu\Jaar 5\sem 1\Algo 2\Algoritmen2\RedBlackTrees\Debug\link-cvtres.read.1.tlog
F:\edu\Jaar 5\sem 1\Algo 2\Algoritmen2\RedBlackTrees\Debug\link-cvtres.write.1.tlog
F:\edu\Jaar 5\sem 1\Algo 2\Algoritmen2\RedBlackTrees\Debug\link-rc.read.1.tlog
F:\edu\Jaar 5\sem 1\Algo 2\Algoritmen2\RedBlackTrees\Debug\link-rc.write.1.tlog
F:\edu\Jaar 5\sem 1\Algo 2\Algoritmen2\RedBlackTrees\Debug\link.command.1.tlog
F:\edu\Jaar 5\sem 1\Algo 2\Algoritmen2\RedBlackTrees\Debug\link.read.1.tlog
F:\edu\Jaar 5\sem 1\Algo 2\Algoritmen2\RedBlackTrees\Debug\link.write.1.tlog
F:\edu\Jaar 5\sem 1\Algo 2\Algoritmen2\RedBlackTrees\Debug\RedBlackTrees.pch
F:\edu\Jaar 5\sem 1\Algo 2\Algoritmen2\RedBlackTrees\Debug\vc110.idb
F:\edu\Jaar 5\sem 1\Algo 2\Algoritmen2\RedBlackTrees\Debug\vc110.pdb
F:\edu\Jaar 5\sem 1\Algo 2\Algoritmen2\Debug\RedBlackTrees.pdb
F:\edu\Jaar 5\sem 1\Algo 2\Algoritmen2\Debug\RedBlackTrees.exe
F:\edu\Jaar 5\sem 1\Algo 2\Algoritmen2\Debug\RedBlackTrees.ilk
