F:\EDU\JAAR 5\SEM 1\ALGO 2\ALGORITMEN2\LGD\DEBUG\LGD.PCH
F:\EDU\JAAR 5\SEM 1\ALGO 2\ALGORITMEN2\LGD\DEBUG\STDAFX.OBJ
F:\EDU\JAAR 5\SEM 1\ALGO 2\ALGORITMEN2\LGD\DEBUG\VC110.PDB
F:\EDU\JAAR 5\SEM 1\ALGO 2\ALGORITMEN2\LGD\DEBUG\LGD.OBJ
F:\EDU\JAAR 5\SEM 1\ALGO 2\ALGORITMEN2\DEBUG\LGD.ILK
F:\EDU\JAAR 5\SEM 1\ALGO 2\ALGORITMEN2\DEBUG\LGD.EXE
F:\EDU\JAAR 5\SEM 1\ALGO 2\ALGORITMEN2\DEBUG\LGD.PDB
F:\edu\Jaar 5\sem 1\Algo 2\Algoritmen2\LGD\Debug\LGD.obj
F:\edu\Jaar 5\sem 1\Algo 2\Algoritmen2\LGD\Debug\stdafx.obj
F:\edu\Jaar 5\sem 1\Algo 2\Algoritmen2\LGD\Debug\cl.command.1.tlog
F:\edu\Jaar 5\sem 1\Algo 2\Algoritmen2\LGD\Debug\CL.read.1.tlog
F:\edu\Jaar 5\sem 1\Algo 2\Algoritmen2\LGD\Debug\CL.write.1.tlog
F:\edu\Jaar 5\sem 1\Algo 2\Algoritmen2\LGD\Debug\link-cvtres.read.1.tlog
F:\edu\Jaar 5\sem 1\Algo 2\Algoritmen2\LGD\Debug\link-cvtres.write.1.tlog
F:\edu\Jaar 5\sem 1\Algo 2\Algoritmen2\LGD\Debug\link-rc.read.1.tlog
F:\edu\Jaar 5\sem 1\Algo 2\Algoritmen2\LGD\Debug\link-rc.write.1.tlog
F:\edu\Jaar 5\sem 1\Algo 2\Algoritmen2\LGD\Debug\link.command.1.tlog
F:\edu\Jaar 5\sem 1\Algo 2\Algoritmen2\LGD\Debug\link.read.1.tlog
F:\edu\Jaar 5\sem 1\Algo 2\Algoritmen2\LGD\Debug\link.write.1.tlog
F:\edu\Jaar 5\sem 1\Algo 2\Algoritmen2\LGD\Debug\LGD.pch
F:\edu\Jaar 5\sem 1\Algo 2\Algoritmen2\LGD\Debug\vc110.idb
F:\edu\Jaar 5\sem 1\Algo 2\Algoritmen2\LGD\Debug\vc110.pdb
F:\edu\Jaar 5\sem 1\Algo 2\Algoritmen2\Debug\LGD.pdb
F:\edu\Jaar 5\sem 1\Algo 2\Algoritmen2\Debug\LGD.exe
F:\edu\Jaar 5\sem 1\Algo 2\Algoritmen2\Debug\LGD.ilk
