F:\EDU\JAAR 5\SEM 1\ALGO 2\ALGORITMEN2\LABO04\DEBUG\LABO04.PCH
F:\EDU\JAAR 5\SEM 1\ALGO 2\ALGORITMEN2\LABO04\DEBUG\STDAFX.OBJ
F:\EDU\JAAR 5\SEM 1\ALGO 2\ALGORITMEN2\LABO04\DEBUG\VC110.PDB
F:\EDU\JAAR 5\SEM 1\ALGO 2\ALGORITMEN2\LABO04\DEBUG\LABO04.OBJ
F:\EDU\JAAR 5\SEM 1\ALGO 2\ALGORITMEN2\DEBUG\LABO04.ILK
F:\EDU\JAAR 5\SEM 1\ALGO 2\ALGORITMEN2\DEBUG\LABO04.EXE
F:\EDU\JAAR 5\SEM 1\ALGO 2\ALGORITMEN2\DEBUG\LABO04.PDB
F:\edu\Jaar 5\sem 1\Algo 2\Algoritmen2\Labo04\Debug\Labo04.obj
F:\edu\Jaar 5\sem 1\Algo 2\Algoritmen2\Labo04\Debug\stdafx.obj
F:\edu\Jaar 5\sem 1\Algo 2\Algoritmen2\Labo04\Debug\cl.command.1.tlog
F:\edu\Jaar 5\sem 1\Algo 2\Algoritmen2\Labo04\Debug\CL.read.1.tlog
F:\edu\Jaar 5\sem 1\Algo 2\Algoritmen2\Labo04\Debug\CL.write.1.tlog
F:\edu\Jaar 5\sem 1\Algo 2\Algoritmen2\Labo04\Debug\link-cvtres.read.1.tlog
F:\edu\Jaar 5\sem 1\Algo 2\Algoritmen2\Labo04\Debug\link-cvtres.write.1.tlog
F:\edu\Jaar 5\sem 1\Algo 2\Algoritmen2\Labo04\Debug\link-rc.read.1.tlog
F:\edu\Jaar 5\sem 1\Algo 2\Algoritmen2\Labo04\Debug\link-rc.write.1.tlog
F:\edu\Jaar 5\sem 1\Algo 2\Algoritmen2\Labo04\Debug\link.command.1.tlog
F:\edu\Jaar 5\sem 1\Algo 2\Algoritmen2\Labo04\Debug\link.read.1.tlog
F:\edu\Jaar 5\sem 1\Algo 2\Algoritmen2\Labo04\Debug\link.write.1.tlog
F:\edu\Jaar 5\sem 1\Algo 2\Algoritmen2\Labo04\Debug\Labo04.pch
F:\edu\Jaar 5\sem 1\Algo 2\Algoritmen2\Labo04\Debug\vc110.idb
F:\edu\Jaar 5\sem 1\Algo 2\Algoritmen2\Labo04\Debug\vc110.pdb
F:\edu\Jaar 5\sem 1\Algo 2\Algoritmen2\Debug\Labo04.pdb
F:\edu\Jaar 5\sem 1\Algo 2\Algoritmen2\Debug\Labo04.exe
F:\edu\Jaar 5\sem 1\Algo 2\Algoritmen2\Debug\Labo04.ilk
