F:\EDU\JAAR 5\SEM 1\ALGO 2\ALGORITMEN2\LABO10\DEBUG\LABO10.PCH
F:\EDU\JAAR 5\SEM 1\ALGO 2\ALGORITMEN2\LABO10\DEBUG\STDAFX.OBJ
F:\EDU\JAAR 5\SEM 1\ALGO 2\ALGORITMEN2\LABO10\DEBUG\VC110.PDB
F:\EDU\JAAR 5\SEM 1\ALGO 2\ALGORITMEN2\LABO10\DEBUG\LABO10.OBJ
F:\EDU\JAAR 5\SEM 1\ALGO 2\ALGORITMEN2\DEBUG\LABO10.ILK
F:\EDU\JAAR 5\SEM 1\ALGO 2\ALGORITMEN2\DEBUG\LABO10.EXE
F:\EDU\JAAR 5\SEM 1\ALGO 2\ALGORITMEN2\DEBUG\LABO10.PDB
F:\edu\Jaar 5\sem 1\Algo 2\Algoritmen2\Labo10\Debug\Labo10.obj
F:\edu\Jaar 5\sem 1\Algo 2\Algoritmen2\Labo10\Debug\stdafx.obj
F:\edu\Jaar 5\sem 1\Algo 2\Algoritmen2\Labo10\Debug\cl.command.1.tlog
F:\edu\Jaar 5\sem 1\Algo 2\Algoritmen2\Labo10\Debug\CL.read.1.tlog
F:\edu\Jaar 5\sem 1\Algo 2\Algoritmen2\Labo10\Debug\CL.write.1.tlog
F:\edu\Jaar 5\sem 1\Algo 2\Algoritmen2\Labo10\Debug\link-cvtres.read.1.tlog
F:\edu\Jaar 5\sem 1\Algo 2\Algoritmen2\Labo10\Debug\link-cvtres.write.1.tlog
F:\edu\Jaar 5\sem 1\Algo 2\Algoritmen2\Labo10\Debug\link-rc.read.1.tlog
F:\edu\Jaar 5\sem 1\Algo 2\Algoritmen2\Labo10\Debug\link-rc.write.1.tlog
F:\edu\Jaar 5\sem 1\Algo 2\Algoritmen2\Labo10\Debug\link.command.1.tlog
F:\edu\Jaar 5\sem 1\Algo 2\Algoritmen2\Labo10\Debug\link.read.1.tlog
F:\edu\Jaar 5\sem 1\Algo 2\Algoritmen2\Labo10\Debug\link.write.1.tlog
F:\edu\Jaar 5\sem 1\Algo 2\Algoritmen2\Labo10\Debug\Labo10.pch
F:\edu\Jaar 5\sem 1\Algo 2\Algoritmen2\Labo10\Debug\vc110.idb
F:\edu\Jaar 5\sem 1\Algo 2\Algoritmen2\Labo10\Debug\vc110.pdb
F:\edu\Jaar 5\sem 1\Algo 2\Algoritmen2\Debug\Labo10.pdb
F:\edu\Jaar 5\sem 1\Algo 2\Algoritmen2\Debug\Labo10.exe
F:\edu\Jaar 5\sem 1\Algo 2\Algoritmen2\Debug\Labo10.ilk
