F:\EDU\JAAR 5\SEM 1\ALGO 2\ALGORITMEN2\KARPRABIN\DEBUG\KARPRABIN.PCH
F:\EDU\JAAR 5\SEM 1\ALGO 2\ALGORITMEN2\KARPRABIN\DEBUG\STDAFX.OBJ
F:\EDU\JAAR 5\SEM 1\ALGO 2\ALGORITMEN2\KARPRABIN\DEBUG\VC110.PDB
F:\EDU\JAAR 5\SEM 1\ALGO 2\ALGORITMEN2\KARPRABIN\DEBUG\KARPRABIN.OBJ
F:\EDU\JAAR 5\SEM 1\ALGO 2\ALGORITMEN2\DEBUG\KARPRABIN.ILK
F:\EDU\JAAR 5\SEM 1\ALGO 2\ALGORITMEN2\DEBUG\KARPRABIN.EXE
F:\EDU\JAAR 5\SEM 1\ALGO 2\ALGORITMEN2\DEBUG\KARPRABIN.PDB
F:\edu\Jaar 5\sem 1\Algo 2\Algoritmen2\KarpRabin\Debug\KarpRabin.obj
F:\edu\Jaar 5\sem 1\Algo 2\Algoritmen2\KarpRabin\Debug\stdafx.obj
F:\edu\Jaar 5\sem 1\Algo 2\Algoritmen2\KarpRabin\Debug\cl.command.1.tlog
F:\edu\Jaar 5\sem 1\Algo 2\Algoritmen2\KarpRabin\Debug\CL.read.1.tlog
F:\edu\Jaar 5\sem 1\Algo 2\Algoritmen2\KarpRabin\Debug\CL.write.1.tlog
F:\edu\Jaar 5\sem 1\Algo 2\Algoritmen2\KarpRabin\Debug\link-cvtres.read.1.tlog
F:\edu\Jaar 5\sem 1\Algo 2\Algoritmen2\KarpRabin\Debug\link-cvtres.write.1.tlog
F:\edu\Jaar 5\sem 1\Algo 2\Algoritmen2\KarpRabin\Debug\link-rc.read.1.tlog
F:\edu\Jaar 5\sem 1\Algo 2\Algoritmen2\KarpRabin\Debug\link-rc.write.1.tlog
F:\edu\Jaar 5\sem 1\Algo 2\Algoritmen2\KarpRabin\Debug\link.command.1.tlog
F:\edu\Jaar 5\sem 1\Algo 2\Algoritmen2\KarpRabin\Debug\link.read.1.tlog
F:\edu\Jaar 5\sem 1\Algo 2\Algoritmen2\KarpRabin\Debug\link.write.1.tlog
F:\edu\Jaar 5\sem 1\Algo 2\Algoritmen2\KarpRabin\Debug\KarpRabin.pch
F:\edu\Jaar 5\sem 1\Algo 2\Algoritmen2\KarpRabin\Debug\vc110.idb
F:\edu\Jaar 5\sem 1\Algo 2\Algoritmen2\KarpRabin\Debug\vc110.pdb
F:\edu\Jaar 5\sem 1\Algo 2\Algoritmen2\Debug\KarpRabin.pdb
F:\edu\Jaar 5\sem 1\Algo 2\Algoritmen2\Debug\KarpRabin.exe
F:\edu\Jaar 5\sem 1\Algo 2\Algoritmen2\Debug\KarpRabin.ilk
