F:\EDU\JAAR 5\SEM 1\ALGO 2\ALGORITMEN2\LABO06\DEBUG\LABO06.PCH
F:\EDU\JAAR 5\SEM 1\ALGO 2\ALGORITMEN2\LABO06\DEBUG\STDAFX.OBJ
F:\EDU\JAAR 5\SEM 1\ALGO 2\ALGORITMEN2\LABO06\DEBUG\VC110.PDB
F:\EDU\JAAR 5\SEM 1\ALGO 2\ALGORITMEN2\LABO06\DEBUG\LABO06.OBJ
F:\EDU\JAAR 5\SEM 1\ALGO 2\ALGORITMEN2\DEBUG\LABO06.ILK
F:\EDU\JAAR 5\SEM 1\ALGO 2\ALGORITMEN2\DEBUG\LABO06.EXE
F:\EDU\JAAR 5\SEM 1\ALGO 2\ALGORITMEN2\DEBUG\LABO06.PDB
F:\edu\Jaar 5\sem 1\Algo 2\Algoritmen2\Labo06\Debug\Labo06.obj
F:\edu\Jaar 5\sem 1\Algo 2\Algoritmen2\Labo06\Debug\stdafx.obj
F:\edu\Jaar 5\sem 1\Algo 2\Algoritmen2\Labo06\Debug\cl.command.1.tlog
F:\edu\Jaar 5\sem 1\Algo 2\Algoritmen2\Labo06\Debug\CL.read.1.tlog
F:\edu\Jaar 5\sem 1\Algo 2\Algoritmen2\Labo06\Debug\CL.write.1.tlog
F:\edu\Jaar 5\sem 1\Algo 2\Algoritmen2\Labo06\Debug\link-cvtres.read.1.tlog
F:\edu\Jaar 5\sem 1\Algo 2\Algoritmen2\Labo06\Debug\link-cvtres.write.1.tlog
F:\edu\Jaar 5\sem 1\Algo 2\Algoritmen2\Labo06\Debug\link-rc.read.1.tlog
F:\edu\Jaar 5\sem 1\Algo 2\Algoritmen2\Labo06\Debug\link-rc.write.1.tlog
F:\edu\Jaar 5\sem 1\Algo 2\Algoritmen2\Labo06\Debug\link.command.1.tlog
F:\edu\Jaar 5\sem 1\Algo 2\Algoritmen2\Labo06\Debug\link.read.1.tlog
F:\edu\Jaar 5\sem 1\Algo 2\Algoritmen2\Labo06\Debug\link.write.1.tlog
F:\edu\Jaar 5\sem 1\Algo 2\Algoritmen2\Labo06\Debug\Labo06.pch
F:\edu\Jaar 5\sem 1\Algo 2\Algoritmen2\Labo06\Debug\vc110.idb
F:\edu\Jaar 5\sem 1\Algo 2\Algoritmen2\Labo06\Debug\vc110.pdb
F:\edu\Jaar 5\sem 1\Algo 2\Algoritmen2\Debug\Labo06.pdb
F:\edu\Jaar 5\sem 1\Algo 2\Algoritmen2\Debug\Labo06.exe
F:\edu\Jaar 5\sem 1\Algo 2\Algoritmen2\Debug\Labo06.ilk
