F:\EDU\JAAR 5\SEM 1\ALGO 2\ALGORITMEN2\LABO05\DEBUG\LABO05.PCH
F:\EDU\JAAR 5\SEM 1\ALGO 2\ALGORITMEN2\LABO05\DEBUG\STDAFX.OBJ
F:\EDU\JAAR 5\SEM 1\ALGO 2\ALGORITMEN2\LABO05\DEBUG\VC110.PDB
F:\EDU\JAAR 5\SEM 1\ALGO 2\ALGORITMEN2\LABO05\DEBUG\LABO05.OBJ
F:\EDU\JAAR 5\SEM 1\ALGO 2\ALGORITMEN2\DEBUG\LABO05.ILK
F:\EDU\JAAR 5\SEM 1\ALGO 2\ALGORITMEN2\DEBUG\LABO05.EXE
F:\EDU\JAAR 5\SEM 1\ALGO 2\ALGORITMEN2\DEBUG\LABO05.PDB
F:\edu\Jaar 5\sem 1\Algo 2\Algoritmen2\Labo05\Debug\Labo05.obj
F:\edu\Jaar 5\sem 1\Algo 2\Algoritmen2\Labo05\Debug\stdafx.obj
F:\edu\Jaar 5\sem 1\Algo 2\Algoritmen2\Labo05\Debug\cl.command.1.tlog
F:\edu\Jaar 5\sem 1\Algo 2\Algoritmen2\Labo05\Debug\CL.read.1.tlog
F:\edu\Jaar 5\sem 1\Algo 2\Algoritmen2\Labo05\Debug\CL.write.1.tlog
F:\edu\Jaar 5\sem 1\Algo 2\Algoritmen2\Labo05\Debug\link-cvtres.read.1.tlog
F:\edu\Jaar 5\sem 1\Algo 2\Algoritmen2\Labo05\Debug\link-cvtres.write.1.tlog
F:\edu\Jaar 5\sem 1\Algo 2\Algoritmen2\Labo05\Debug\link-rc.read.1.tlog
F:\edu\Jaar 5\sem 1\Algo 2\Algoritmen2\Labo05\Debug\link-rc.write.1.tlog
F:\edu\Jaar 5\sem 1\Algo 2\Algoritmen2\Labo05\Debug\link.command.1.tlog
F:\edu\Jaar 5\sem 1\Algo 2\Algoritmen2\Labo05\Debug\link.read.1.tlog
F:\edu\Jaar 5\sem 1\Algo 2\Algoritmen2\Labo05\Debug\link.write.1.tlog
F:\edu\Jaar 5\sem 1\Algo 2\Algoritmen2\Labo05\Debug\Labo05.pch
F:\edu\Jaar 5\sem 1\Algo 2\Algoritmen2\Labo05\Debug\vc110.idb
F:\edu\Jaar 5\sem 1\Algo 2\Algoritmen2\Labo05\Debug\vc110.pdb
F:\edu\Jaar 5\sem 1\Algo 2\Algoritmen2\Debug\Labo05.pdb
F:\edu\Jaar 5\sem 1\Algo 2\Algoritmen2\Debug\Labo05.exe
F:\edu\Jaar 5\sem 1\Algo 2\Algoritmen2\Debug\Labo05.ilk
